<?xml version="1.0" encoding="UTF-8"?>
<testng-results skipped="0" failed="0" total="1" passed="1">
  <reporter-output>
  </reporter-output>
  <suite name="Default suite" duration-ms="29137" started-at="2019-06-10T09:42:26Z" finished-at="2019-06-10T09:42:56Z">
    <groups>
    </groups>
    <test name="Default test" duration-ms="29137" started-at="2019-06-10T09:42:26Z" finished-at="2019-06-10T09:42:56Z">
      <class name="com.TestExecution.TestRunner">
        <test-method status="PASS" signature="Firstexecution()[pri:0, instance:com.TestExecution.TestRunner@17c68925]" name="Firstexecution" is-config="true" duration-ms="2000" started-at="2019-06-10T15:12:24Z" finished-at="2019-06-10T15:12:26Z">
          <reporter-output>
          </reporter-output>
        </test-method> <!-- Firstexecution -->
        <test-method status="PASS" signature="StartExecution()[pri:0, instance:com.TestExecution.TestRunner@17c68925]" name="StartExecution" duration-ms="29064" started-at="2019-06-10T15:12:26Z" finished-at="2019-06-10T15:12:56Z">
          <reporter-output>
          </reporter-output>
        </test-method> <!-- StartExecution -->
      </class> <!-- com.TestExecution.TestRunner -->
    </test> <!-- Default test -->
  </suite> <!-- Default suite -->
</testng-results>
